Info:iphone não esta ligado
Info:iphone não esta ligado
Info:iphone  esta conectado
Info:iphone não esta ligado
Info:iphone  esta conectado
Info:iphone não esta ligado
Info:iphone  esta conectado
ErroR:iphone ja esta conectado
ErroR:iphone ja esta conectado
Info:iphone não esta ligado
Info:iphone não esta ligado
Info:iphone  esta conectado
ErroR:iphone ja esta conectado
ErroR:iphone ja esta conectado
Info:iphone não esta ligado
Info:iphone foi desligado
Info:iphone  esta conectado
Info:iphone  esta conectado
ErroR:iphone não esta ligado
ErroR:iphone não esta ligado
ErroR:iphone não esta ligado
Info:iphone  esta conectado
ErroR:iphone não esta ligado
Info:iphone  esta conectado
Info:iphone ja esta conectado
Info:iphone ja esta conectado
Info:iphone ja esta conectado
ErroR:iphone não esta ligado
Info:iphone  esta conectado
Info:iphone ja esta conectado
Info:iphone ja esta conectado
Info:iphone ja esta conectado
ErroR:iphone não esta ligado
Info:iphone  esta conectado
Info:iphone ja esta conectado
Info:iphone ja esta conectado
Info:iphone ja esta conectado
ErroR:iphone não esta ligado
ErroR:iphone não esta ligado
Info:iphone  esta conectado
Info:iphone ja esta conectado
Info:iphone ja esta conectado
Info:iphone ja esta conectado
ErroR:iphone não esta ligado
ErroR:iphone não esta ligado
Info:iphone  esta conectado
Info:iphone ja esta conectado
Info:iphone ja esta conectado
Info:iphone ja esta conectado
ErroR:iphone não esta ligado
Info:iphone ja esta conectado
ErroR:iphone não esta ligado
Info:iphone  esta conectado
Info:iphone ja esta conectado
Info:iphone ja esta conectado
Info:iphone ja esta conectado
ErroR:iphone não esta ligado
Info:iphone ja esta conectado
ErroR:iphone não esta ligado
Info:iphone  esta conectado
Info:iphone ja esta conectado
Info:iphone ja esta conectado
Info:iphone ja esta conectado
ErroR:iphone não esta ligado
Info:iphone ja esta conectado
ErroR:iphone não esta ligado
Info:iphone  esta conectado
Info:iphone ja esta conectado
Info:iphone ja esta conectado
Info:iphone ja esta conectado
Info:iphone ja esta conectado
Info:iphone ja esta conectado
ErroR:iphone não esta ligado
Info:iphone  esta conectado
Info:iphone ja esta conectado
Info:iphone ja esta conectado
Info:iphone ja esta conectado
Info:iphone ja esta conectado
Info:iphone ja esta conectado
Info:iphone foi desligado
ErroR:iphone não esta ligado
Info:iphone  esta conectado
Info:iphone ja esta conectado
Info:iphone ja esta conectado
Info:iphone ja esta conectado
Info:iphone ja esta conectado
Info:iphone ja esta conectado
Info:iphone foi desligado
ErroR:iphonenão esta conectado
ErroR:iphone não esta ligado
Info:iphone  esta conectado
Info:iphone ja esta conectado
Info:iphone ja esta conectado
Info:iphone ja esta conectado
Info:iphone ja esta conectado
Info:iphone ja esta conectado
Info:iphone foi desligado
ErroR:iphone não esta conectado
